#
# A fatal error has been detected by the Java Runtime Environment:
#
#  EXCEPTION_ACCESS_VIOLATION (0xc0000005) at pc=0x6956bafd, pid=4536, tid=0x00001014
#
# JRE version: Java(TM) SE Runtime Environment (8.0_101-b13) (build 1.8.0_101-b13)
# Java VM: Java HotSpot(TM) Client VM (25.101-b13 mixed mode windows-x86 )
# Problematic frame:
# V  [jvm.dll+0xcbafd]
#
# Failed to write core dump. Minidumps are not enabled by default on client versions of Windows
#
# If you would like to submit a bug report, please visit:
#   http://bugreport.java.com/bugreport/crash.jsp
#

---------------  T H R E A D  ---------------

Current thread (0x140d6800):  JavaThread "JDWP Transport Listener: dt_socket" daemon [_thread_in_vm, id=4116, stack(0x147b0000,0x14800000)]

siginfo: ExceptionCode=0xc0000005, reading address 0x003b6e69

Registers:
EAX=0x003b6e69, EBX=0x00000000, ECX=0x003b6e69, EDX=0x00000000
ESP=0x147ff2b8, EBP=0x147ff2bc, ESI=0x140d6800, EDI=0x000e7db0
EIP=0x6956bafd, EFLAGS=0x00010206

Top of Stack: (sp=0x147ff2b8)
0x147ff2b8:   140d6800 147ff2e4 696c9754 003b6e69
0x147ff2c8:   147ff39c 147ff31f 140d6800 00000000
0x147ff2d8:   00000000 00000000 140d6800 147ff320
0x147ff2e8:   69909f80 000e7db0 003b6e69 147ff31f
0x147ff2f8:   003b6e69 698f436d 003b6e69 147ff31f
0x147ff308:   00000003 00000000 00000000 0000000a
0x147ff318:   00000000 0007d9c0 147ff340 698f44e0
0x147ff328:   00000001 147ff35c 147ff398 140e72b8 

Instructions: (pc=0x6956bafd)
0x6956badd:   5d c3 52 e8 5b f9 ff ff 5d c3 cc cc cc cc cc cc
0x6956baed:   cc cc cc 55 8b ec 8b 45 08 85 c0 75 02 5d c3 56
0x6956bafd:   8b 30 85 f6 74 17 83 fe 37 74 12 8b 06 8b 50 08
0x6956bb0d:   8b ce ff d2 84 c0 74 05 8b c6 5e 5d c3 33 c0 5e 


Register to memory mapping:

EAX=0x003b6e69 is an unknown value
EBX=0x00000000 is an unknown value
ECX=0x003b6e69 is an unknown value
EDX=0x00000000 is an unknown value
ESP=0x147ff2b8 is pointing into the stack for thread: 0x140d6800
EBP=0x147ff2bc is pointing into the stack for thread: 0x140d6800
ESI=0x140d6800 is a thread
EDI=0x000e7db0 is an unknown value


Stack: [0x147b0000,0x14800000],  sp=0x147ff2b8,  free space=316k
Native frames: (J=compiled Java code, j=interpreted, Vv=VM code, C=native code)
V  [jvm.dll+0xcbafd]
V  [jvm.dll+0x229754]
C  [jdwp.dll+0x19f80]
C  [jdwp.dll+0x44e0]
C  [jdwp.dll+0x451e]
C  0xb8101401


---------------  P R O C E S S  ---------------

Java Threads: ( => current thread )
  0x1410a800 JavaThread "Service Thread" daemon [_thread_blocked, id=3280, stack(0x14a90000,0x14ae0000)]
  0x140e3800 JavaThread "C1 CompilerThread0" daemon [_thread_blocked, id=4828, stack(0x14910000,0x14960000)]
  0x140df400 JavaThread "JDWP Command Reader" daemon [_thread_in_native, id=4852, stack(0x149e0000,0x14a30000)]
  0x140d8400 JavaThread "JDWP Event Helper Thread" daemon [_thread_blocked, id=4172, stack(0x143c0000,0x14410000)]
=>0x140d6800 JavaThread "JDWP Transport Listener: dt_socket" daemon [_thread_in_vm, id=4116, stack(0x147b0000,0x14800000)]
  0x140c8c00 JavaThread "Attach Listener" daemon [_thread_blocked, id=2168, stack(0x14560000,0x145b0000)]
  0x140c6000 JavaThread "Signal Dispatcher" daemon [_thread_blocked, id=4880, stack(0x144c0000,0x14510000)]
  0x140a5c00 JavaThread "Finalizer" daemon [_thread_blocked, id=4184, stack(0x14510000,0x14560000)]
  0x1407f400 JavaThread "Reference Handler" daemon [_thread_blocked, id=3480, stack(0x14260000,0x142b0000)]
  0x000ec400 JavaThread "main" [_thread_in_native, id=4228, stack(0x01b60000,0x01bb0000)]

Other Threads:
  0x14079000 VMThread [stack: 0x14320000,0x14370000] [id=2436]
  0x1415d000 WatcherThread [stack: 0x146b0000,0x14700000] [id=4876]

VM state:not at safepoint (normal execution)

VM Mutex/Monitor currently owned by a thread: None

Heap:
 def new generation   total 4928K, used 1238K [0x03c00000, 0x04150000, 0x09150000)
  eden space 4416K,  28% used [0x03c00000, 0x03d35868, 0x04050000)
  from space 512K,   0% used [0x04050000, 0x04050000, 0x040d0000)
  to   space 512K,   0% used [0x040d0000, 0x040d0000, 0x04150000)
 tenured generation   total 10944K, used 0K [0x09150000, 0x09c00000, 0x13c00000)
   the space 10944K,   0% used [0x09150000, 0x09150000, 0x09150200, 0x09c00000)
 Metaspace       used 2230K, capacity 2318K, committed 2368K, reserved 4480K

Card table byte_map: [0x00580000,0x00610000] byte_map_base: 0x00562000

Polling page: 0x00130000

CodeCache: size=32768Kb used=710Kb max_used=710Kb free=32057Kb
 bounds [0x01bb0000, 0x01c68000, 0x03bb0000]
 total_blobs=164 nmethods=29 adapters=75
 compilation: enabled

Compilation events (10 events):
Event: 0.353 Thread 0x140e3800   25             java.lang.Math::min (11 bytes)
Event: 0.353 Thread 0x140e3800 nmethod 25 0x01c5fd48 code [0x01c5fe40, 0x01c5feb0]
Event: 0.355 Thread 0x140e3800   26  s          java.lang.StringBuffer::append (13 bytes)
Event: 0.355 Thread 0x140e3800 nmethod 26 0x01c5ff08 code [0x01c60010, 0x01c6025c]
Event: 0.358 Thread 0x140e3800   27             java.io.BufferedInputStream::getBufIfOpen (21 bytes)
Event: 0.358 Thread 0x140e3800 nmethod 27 0x01c60408 code [0x01c60510, 0x01c6060c]
Event: 0.358 Thread 0x140e3800   28  s          java.io.BufferedInputStream::read (49 bytes)
Event: 0.359 Thread 0x140e3800 nmethod 28 0x01c606c8 code [0x01c607f0, 0x01c60ae8]
Event: 0.360 Thread 0x140e3800   29             java.util.StringTokenizer::scanToken (179 bytes)
Event: 0.361 Thread 0x140e3800 nmethod 29 0x01c60c88 code [0x01c60e10, 0x01c61238]

GC Heap History (0 events):
No events

Deoptimization events (0 events):
No events

Internal exceptions (6 events):
Event: 0.041 Thread 0x000ec400 Exception <a 'java/lang/NoSuchMethodError': Method sun.misc.Unsafe.defineClass(Ljava/lang/String;[BII)Ljava/lang/Class; name or signature does not match> (0x03c06ea8) thrown at [C:\re\workspace\8-2-build-windows-i586-cygwin\jdk8u101\7261\hotspot\src\share\6&ïo√.•?
Event: 0.041 Thread 0x000ec400 Exception <a 'java/lang/NoSuchMethodError': Method sun.misc.Unsafe.prefetchRead(Ljava/lang/Object;J)V name or signature does not match> (0x03c07178) thrown at [C:\re\workspace\8-2-build-windows-i586-cygwin\jdk8u101\7261\hotspot\src\share\vm\prims\jni.cpp, »∑#TÕ÷?
Event: 0.345 Thread 0x000ec400 Exception <a 'java/security/PrivilegedActionException'> (0x03cdd0f0) thrown at [C:\re\workspace\8-2-build-windows-i586-cygwin\jdk8u101\7261\hotspot\src\share\vm\prims\jvm.cpp, line 1386]
Event: 0.345 Thread 0x000ec400 Exception <a 'java/security/PrivilegedActionException'> (0x03cf3650) thrown at [C:\re\workspace\8-2-build-windows-i586-cygwin\jdk8u101\7261\hotspot\src\share\vm\prims\jvm.cpp, line 1386]
Event: 0.346 Thread 0x000ec400 Exception <a 'java/security/PrivilegedActionException'> (0x03cf7038) thrown at [C:\re\workspace\8-2-build-windows-i586-cygwin\jdk8u101\7261\hotspot\src\share\vm\prims\jvm.cpp, line 1386]
Event: 0.346 Thread 0x000ec400 Exception <a 'java/security/PrivilegedActionException'> (0x03cf7418) thrown at [C:\re\workspace\8-2-build-windows-i586-cygwin\jdk8u101\7261\hotspot\src\share\vm\prims\jvm.cpp, line 1386]

Events (10 events):
Event: 311.824 Executing VM operation: RedefineClasses
Event: 311.824 Executing VM operation: RedefineClasses done
Event: 311.828 Executing VM operation: ChangeBreakpoints
Event: 311.828 Executing VM operation: ChangeBreakpoints done
Event: 311.833 Executing VM operation: ChangeBreakpoints
Event: 311.833 Executing VM operation: ChangeBreakpoints done
Event: 311.837 Executing VM operation: ChangeBreakpoints
Event: 311.837 Executing VM operation: ChangeBreakpoints done
Event: 809.694 Executing VM operation: RedefineClasses
Event: 809.694 Executing VM operation: RedefineClasses done


Dynamic libraries:
0x00dd0000 - 0x00e03000 	C:\Program Files\Java\jre1.8.0_101\bin\javaw.exe
0x77690000 - 0x777cc000 	C:\Windows\SYSTEM32\ntdll.dll
0x761e0000 - 0x762b4000 	C:\Windows\system32\kernel32.dll
0x758a0000 - 0x758eb000 	C:\Windows\system32\KERNELBASE.dll
0x760f0000 - 0x76190000 	C:\Windows\system32\ADVAPI32.dll
0x76580000 - 0x7662c000 	C:\Windows\system32\msvcrt.dll
0x77890000 - 0x778a9000 	C:\Windows\SYSTEM32\sechost.dll
0x75df0000 - 0x75e92000 	C:\Windows\system32\RPCRT4.dll
0x77490000 - 0x77559000 	C:\Windows\system32\USER32.dll
0x76190000 - 0x761de000 	C:\Windows\system32\GDI32.dll
0x778b0000 - 0x778ba000 	C:\Windows\system32\LPK.dll
0x775f0000 - 0x7768d000 	C:\Windows\system32\USP10.dll
0x74760000 - 0x748fe000 	C:\Windows\WinSxS\x86_microsoft.windows.common-controls_6595b64144ccf1df_6.0.7601.17514_none_41e6975e2bd6f2b2\COMCTL32.dll
0x77430000 - 0x77487000 	C:\Windows\system32\SHLWAPI.dll
0x76480000 - 0x7649f000 	C:\Windows\system32\IMM32.DLL
0x764b0000 - 0x7657c000 	C:\Windows\system32\MSCTF.dll
0x693e0000 - 0x6949f000 	C:\Program Files\Java\jre1.8.0_101\bin\msvcr100.dll
0x694a0000 - 0x6986c000 	C:\Program Files\Java\jre1.8.0_101\bin\client\jvm.dll
0x707d0000 - 0x707d7000 	C:\Windows\system32\WSOCK32.dll
0x77850000 - 0x77885000 	C:\Windows\system32\WS2_32.dll
0x75ba0000 - 0x75ba6000 	C:\Windows\system32\NSI.dll
0x71960000 - 0x71992000 	C:\Windows\system32\WINMM.dll
0x74cd0000 - 0x74cd9000 	C:\Windows\system32\VERSION.dll
0x764a0000 - 0x764a5000 	C:\Windows\system32\PSAPI.DLL
0x6cca0000 - 0x6ccac000 	C:\Program Files\Java\jre1.8.0_101\bin\verify.dll
0x6ca80000 - 0x6caa1000 	C:\Program Files\Java\jre1.8.0_101\bin\java.dll
0x698f0000 - 0x69919000 	C:\Program Files\Java\jre1.8.0_101\bin\jdwp.dll
0x74740000 - 0x74747000 	C:\Program Files\Java\jre1.8.0_101\bin\npt.dll
0x6c930000 - 0x6c943000 	C:\Program Files\Java\jre1.8.0_101\bin\zip.dll
0x76630000 - 0x7727a000 	C:\Windows\system32\SHELL32.dll
0x76320000 - 0x7647c000 	C:\Windows\system32\ole32.dll
0x75820000 - 0x7582b000 	C:\Windows\system32\profapi.dll
0x69960000 - 0x69968000 	C:\Program Files\Java\jre1.8.0_101\bin\dt_socket.dll
0x73f40000 - 0x73f50000 	C:\Windows\system32\NLAapi.dll
0x70090000 - 0x700a0000 	C:\Windows\system32\napinsp.dll
0x70070000 - 0x70082000 	C:\Windows\system32\pnrpnsp.dll
0x75250000 - 0x7528c000 	C:\Windows\System32\mswsock.dll
0x75110000 - 0x75154000 	C:\Windows\system32\DNSAPI.dll
0x70060000 - 0x70068000 	C:\Windows\System32\winrnr.dll
0x73b10000 - 0x73b2c000 	C:\Windows\system32\IPHLPAPI.DLL
0x73b00000 - 0x73b07000 	C:\Windows\system32\WINNSI.DLL
0x73910000 - 0x73948000 	C:\Windows\System32\fwpuclnt.dll
0x71950000 - 0x71956000 	C:\Windows\system32\rasadhlp.dll
0x74da0000 - 0x74da5000 	C:\Windows\System32\wshtcpip.dll
0x719e0000 - 0x71acb000 	C:\Windows\system32\dbghelp.dll

VM Arguments:
jvm_args: -agentlib:jdwp=transport=dt_socket,suspend=y,address=localhost:53422 -Dfile.encoding=GBK 
java_command: learnibf.Main
java_class_path (initial): E:\InterView\exercise
Launcher Type: SUN_STANDARD

Environment Variables:
JAVA_HOME=C:\Program Files\Java\jdk1.8.0_101
JRE_HOME=C:\Program Files\Java\jre1.8.0_101
CLASSPATH=.;C:\Program Files\Java\jdk1.8.0_101\lib;C:\Program Files\Java\jdk1.8.0_101\lib\tools.jar
PATH=C:/Program Files/Java/jre1.8.0_101/bin/client;C:/Program Files/Java/jre1.8.0_101/bin;C:/Program Files/Java/jre1.8.0_101/lib/i386;C:\ProgramData\Oracle\Java\javapath;C:\Program Files\Java\jdk1.8.0_101;C:\Program Files\Java\jre1.8.0_101;C:\Windows\system32;C:\Windows;C:\Windows\System32\Wbem;C:\Windows\System32\WindowsPowerShell\v1.0\;C:\Program Files\ATI Technologies\ATI.ACE\Core-Static;D:\python;C:\Users\Administrator\Downloads\apache-maven-3.3.9\bin;D:\reids;D:\Git\cmd;C:\Program Files\Java\jdk1.8.0_101\bin;D:\MongoDB\bin;E:\dat\TABLEC~1.0;D:\Program Files (x86);E:\eclipse\eclipse;
USERNAME=Administrator
OS=Windows_NT
PROCESSOR_IDENTIFIER=x86 Family 6 Model 42 Stepping 7, GenuineIntel



---------------  S Y S T E M  ---------------

OS: Windows 7 Build 7601 (6.1.7601.18409)

CPU:total 4 (2 cores per cpu, 2 threads per core) family 6 model 42 stepping 7, cmov, cx8, fxsr, mmx, sse, sse2, sse3, ssse3, sse4.1, sse4.2, popcnt, avx, clmul, ht, tsc, tscinvbit

Memory: 4k page, physical 3090288k(784960k free), swap 6178824k(3762508k free)

vm_info: Java HotSpot(TM) Client VM (25.101-b13) for windows-x86 JRE (1.8.0_101-b13), built on Jun 22 2016 00:45:44 by "java_re" with MS VC++ 10.0 (VS2010)

time: Wed Apr 26 20:38:34 2017
elapsed time: 809 seconds (0d 0h 13m 29s)

